<?xml version="1.0" encoding="UTF-8"?>
<testng-results ignored="0" total="11" passed="11" failed="0" skipped="0">
  <reporter-output>
  </reporter-output>
  <suite started-at="2021-05-04T10:50:39 IST" name="Suite" finished-at="2021-05-04T10:51:42 IST" duration-ms="63434">
    <groups>
    </groups>
    <test started-at="2021-05-04T10:50:39 IST" name="Test" finished-at="2021-05-04T10:51:42 IST" duration-ms="63434">
      <class name="com.qaa.testscripts.CS6">
        <test-method is-config="true" signature="setup(java.lang.String, java.lang.String)[pri:0, instance:com.qaa.testscripts.CS6@120f102b]" started-at="2021-05-04T10:50:39 IST" name="setup" finished-at="2021-05-04T10:50:46 IST" duration-ms="7597" status="PASS">
          <params>
            <param index="0">
              <value>
                <![CDATA[chrome]]>
              </value>
            </param>
            <param index="1">
              <value>
                <![CDATA[https://www.amazon.in/]]>
              </value>
            </param>
          </params>
          <reporter-output>
          </reporter-output>
        </test-method> <!-- setup -->
        <test-method signature="searchItemsInAmazon(java.lang.String, java.lang.String)[pri:0, instance:com.qaa.testscripts.CS6@120f102b]" started-at="2021-05-04T10:50:47 IST" name="searchItemsInAmazon" data-provider="getData" finished-at="2021-05-04T10:50:52 IST" duration-ms="4349" status="PASS">
          <params>
            <param index="0">
              <value>
                <![CDATA[Books]]>
              </value>
            </param>
            <param index="1">
              <value>
                <![CDATA[DaVinciCode]]>
              </value>
            </param>
          </params>
          <reporter-output>
          </reporter-output>
        </test-method> <!-- searchItemsInAmazon -->
        <test-method signature="searchItemsInAmazon(java.lang.String, java.lang.String)[pri:0, instance:com.qaa.testscripts.CS6@120f102b]" started-at="2021-05-04T10:50:52 IST" name="searchItemsInAmazon" data-provider="getData" finished-at="2021-05-04T10:50:56 IST" duration-ms="4395" status="PASS">
          <params>
            <param index="0">
              <value>
                <![CDATA[Books]]>
              </value>
            </param>
            <param index="1">
              <value>
                <![CDATA[HarryPotter]]>
              </value>
            </param>
          </params>
          <reporter-output>
          </reporter-output>
        </test-method> <!-- searchItemsInAmazon -->
        <test-method signature="searchItemsInAmazon(java.lang.String, java.lang.String)[pri:0, instance:com.qaa.testscripts.CS6@120f102b]" started-at="2021-05-04T10:50:56 IST" name="searchItemsInAmazon" data-provider="getData" finished-at="2021-05-04T10:51:00 IST" duration-ms="4277" status="PASS">
          <params>
            <param index="0">
              <value>
                <![CDATA[Books]]>
              </value>
            </param>
            <param index="1">
              <value>
                <![CDATA[ThePsychologyOfMoney]]>
              </value>
            </param>
          </params>
          <reporter-output>
          </reporter-output>
        </test-method> <!-- searchItemsInAmazon -->
        <test-method signature="searchItemsInAmazon(java.lang.String, java.lang.String)[pri:0, instance:com.qaa.testscripts.CS6@120f102b]" started-at="2021-05-04T10:51:00 IST" name="searchItemsInAmazon" data-provider="getData" finished-at="2021-05-04T10:51:05 IST" duration-ms="4516" status="PASS">
          <params>
            <param index="0">
              <value>
                <![CDATA[Electronics]]>
              </value>
            </param>
            <param index="1">
              <value>
                <![CDATA[Iphone12ProMax]]>
              </value>
            </param>
          </params>
          <reporter-output>
          </reporter-output>
        </test-method> <!-- searchItemsInAmazon -->
        <test-method signature="searchItemsInAmazon(java.lang.String, java.lang.String)[pri:0, instance:com.qaa.testscripts.CS6@120f102b]" started-at="2021-05-04T10:51:05 IST" name="searchItemsInAmazon" data-provider="getData" finished-at="2021-05-04T10:51:10 IST" duration-ms="4934" status="PASS">
          <params>
            <param index="0">
              <value>
                <![CDATA[Electronics]]>
              </value>
            </param>
            <param index="1">
              <value>
                <![CDATA[earphones]]>
              </value>
            </param>
          </params>
          <reporter-output>
          </reporter-output>
        </test-method> <!-- searchItemsInAmazon -->
        <test-method signature="searchItemsInAmazon(java.lang.String, java.lang.String)[pri:0, instance:com.qaa.testscripts.CS6@120f102b]" started-at="2021-05-04T10:51:10 IST" name="searchItemsInAmazon" data-provider="getData" finished-at="2021-05-04T10:51:15 IST" duration-ms="4637" status="PASS">
          <params>
            <param index="0">
              <value>
                <![CDATA[Electronics]]>
              </value>
            </param>
            <param index="1">
              <value>
                <![CDATA[WingsPhantomEarBuds]]>
              </value>
            </param>
          </params>
          <reporter-output>
          </reporter-output>
        </test-method> <!-- searchItemsInAmazon -->
        <test-method signature="searchItemsInAmazon(java.lang.String, java.lang.String)[pri:0, instance:com.qaa.testscripts.CS6@120f102b]" started-at="2021-05-04T10:51:15 IST" name="searchItemsInAmazon" data-provider="getData" finished-at="2021-05-04T10:51:21 IST" duration-ms="6368" status="PASS">
          <params>
            <param index="0">
              <value>
                <![CDATA[Furniture]]>
              </value>
            </param>
            <param index="1">
              <value>
                <![CDATA[WoodenTable]]>
              </value>
            </param>
          </params>
          <reporter-output>
          </reporter-output>
        </test-method> <!-- searchItemsInAmazon -->
        <test-method signature="searchItemsInAmazon(java.lang.String, java.lang.String)[pri:0, instance:com.qaa.testscripts.CS6@120f102b]" started-at="2021-05-04T10:51:21 IST" name="searchItemsInAmazon" data-provider="getData" finished-at="2021-05-04T10:51:28 IST" duration-ms="7307" status="PASS">
          <params>
            <param index="0">
              <value>
                <![CDATA[Furniture]]>
              </value>
            </param>
            <param index="1">
              <value>
                <![CDATA[bed]]>
              </value>
            </param>
          </params>
          <reporter-output>
          </reporter-output>
        </test-method> <!-- searchItemsInAmazon -->
        <test-method signature="searchItemsInAmazon(java.lang.String, java.lang.String)[pri:0, instance:com.qaa.testscripts.CS6@120f102b]" started-at="2021-05-04T10:51:28 IST" name="searchItemsInAmazon" data-provider="getData" finished-at="2021-05-04T10:51:34 IST" duration-ms="6049" status="PASS">
          <params>
            <param index="0">
              <value>
                <![CDATA[Furniture]]>
              </value>
            </param>
            <param index="1">
              <value>
                <![CDATA[Sofa]]>
              </value>
            </param>
          </params>
          <reporter-output>
          </reporter-output>
        </test-method> <!-- searchItemsInAmazon -->
        <test-method signature="amazonend()[pri:1, instance:com.qaa.testscripts.CS6@120f102b]" started-at="2021-05-04T10:51:34 IST" name="amazonend" finished-at="2021-05-04T10:51:37 IST" duration-ms="2872" status="PASS">
          <reporter-output>
          </reporter-output>
        </test-method> <!-- amazonend -->
        <test-method signature="amazon()[pri:2, instance:com.qaa.testscripts.CS6@120f102b]" started-at="2021-05-04T10:51:37 IST" name="amazon" finished-at="2021-05-04T10:51:37 IST" duration-ms="2" status="PASS">
          <reporter-output>
          </reporter-output>
        </test-method> <!-- amazon -->
        <test-method is-config="true" signature="tearDown()[pri:0, instance:com.qaa.testscripts.CS6@120f102b]" started-at="2021-05-04T10:51:37 IST" name="tearDown" finished-at="2021-05-04T10:51:42 IST" duration-ms="4827" status="PASS">
          <reporter-output>
          </reporter-output>
        </test-method> <!-- tearDown -->
      </class> <!-- com.qaa.testscripts.CS6 -->
    </test> <!-- Test -->
  </suite> <!-- Suite -->
</testng-results>
