<?xml version="1.0" encoding="UTF-8"?>
<testng-results skipped="0" failed="0" ignored="0" total="8" passed="8">
  <reporter-output>
  </reporter-output>
  <suite name="Suite" duration-ms="43012" started-at="2021-05-05T17:41:14 IST" finished-at="2021-05-05T17:41:57 IST">
    <groups>
    </groups>
    <test name="Test" duration-ms="43012" started-at="2021-05-05T17:41:14 IST" finished-at="2021-05-05T17:41:57 IST">
      <class name="com.qaa.testscripts.CS6">
        <test-method status="PASS" signature="setup(java.lang.String, java.lang.String)[pri:0, instance:com.qaa.testscripts.CS6@305fd85d]" name="setup" is-config="true" duration-ms="6077" started-at="2021-05-05T17:41:14 IST" finished-at="2021-05-05T17:41:20 IST">
          <params>
            <param index="0">
              <value>
                <![CDATA[chrome]]>
              </value>
            </param>
            <param index="1">
              <value>
                <![CDATA[https://www.amazon.in/]]>
              </value>
            </param>
          </params>
          <reporter-output>
          </reporter-output>
        </test-method> <!-- setup -->
        <test-method status="PASS" signature="searchItemsInAmazon(java.lang.String, java.lang.String)[pri:0, instance:com.qaa.testscripts.CS6@305fd85d]" name="searchItemsInAmazon" duration-ms="4617" started-at="2021-05-05T17:41:22 IST" data-provider="getData" finished-at="2021-05-05T17:41:27 IST">
          <params>
            <param index="0">
              <value>
                <![CDATA[Books]]>
              </value>
            </param>
            <param index="1">
              <value>
                <![CDATA[DaVinciCode]]>
              </value>
            </param>
          </params>
          <reporter-output>
          </reporter-output>
        </test-method> <!-- searchItemsInAmazon -->
        <test-method status="PASS" signature="searchItemsInAmazon(java.lang.String, java.lang.String)[pri:0, instance:com.qaa.testscripts.CS6@305fd85d]" name="searchItemsInAmazon" duration-ms="4500" started-at="2021-05-05T17:41:27 IST" data-provider="getData" finished-at="2021-05-05T17:41:31 IST">
          <params>
            <param index="0">
              <value>
                <![CDATA[Books]]>
              </value>
            </param>
            <param index="1">
              <value>
                <![CDATA[HarryPotter]]>
              </value>
            </param>
          </params>
          <reporter-output>
          </reporter-output>
        </test-method> <!-- searchItemsInAmazon -->
        <test-method status="PASS" signature="searchItemsInAmazon(java.lang.String, java.lang.String)[pri:0, instance:com.qaa.testscripts.CS6@305fd85d]" name="searchItemsInAmazon" duration-ms="4921" started-at="2021-05-05T17:41:31 IST" data-provider="getData" finished-at="2021-05-05T17:41:36 IST">
          <params>
            <param index="0">
              <value>
                <![CDATA[Books]]>
              </value>
            </param>
            <param index="1">
              <value>
                <![CDATA[ThePsychologyOfMoney]]>
              </value>
            </param>
          </params>
          <reporter-output>
          </reporter-output>
        </test-method> <!-- searchItemsInAmazon -->
        <test-method status="PASS" signature="searchItemsInAmazon(java.lang.String, java.lang.String)[pri:0, instance:com.qaa.testscripts.CS6@305fd85d]" name="searchItemsInAmazon" duration-ms="4731" started-at="2021-05-05T17:41:36 IST" data-provider="getData" finished-at="2021-05-05T17:41:41 IST">
          <params>
            <param index="0">
              <value>
                <![CDATA[Electronics]]>
              </value>
            </param>
            <param index="1">
              <value>
                <![CDATA[Iphone12ProMax]]>
              </value>
            </param>
          </params>
          <reporter-output>
          </reporter-output>
        </test-method> <!-- searchItemsInAmazon -->
        <test-method status="PASS" signature="searchItemsInAmazon(java.lang.String, java.lang.String)[pri:0, instance:com.qaa.testscripts.CS6@305fd85d]" name="searchItemsInAmazon" duration-ms="5450" started-at="2021-05-05T17:41:41 IST" data-provider="getData" finished-at="2021-05-05T17:41:46 IST">
          <params>
            <param index="0">
              <value>
                <![CDATA[Electronics]]>
              </value>
            </param>
            <param index="1">
              <value>
                <![CDATA[earphones]]>
              </value>
            </param>
          </params>
          <reporter-output>
          </reporter-output>
        </test-method> <!-- searchItemsInAmazon -->
        <test-method status="PASS" signature="searchItemsInAmazon(java.lang.String, java.lang.String)[pri:0, instance:com.qaa.testscripts.CS6@305fd85d]" name="searchItemsInAmazon" duration-ms="5741" started-at="2021-05-05T17:41:46 IST" data-provider="getData" finished-at="2021-05-05T17:41:52 IST">
          <params>
            <param index="0">
              <value>
                <![CDATA[Electronics]]>
              </value>
            </param>
            <param index="1">
              <value>
                <![CDATA[WingsPhantomEarBuds]]>
              </value>
            </param>
          </params>
          <reporter-output>
          </reporter-output>
        </test-method> <!-- searchItemsInAmazon -->
        <test-method status="PASS" signature="amazonend()[pri:1, instance:com.qaa.testscripts.CS6@305fd85d]" name="amazonend" duration-ms="3873" started-at="2021-05-05T17:41:52 IST" finished-at="2021-05-05T17:41:56 IST">
          <reporter-output>
          </reporter-output>
        </test-method> <!-- amazonend -->
        <test-method status="PASS" signature="amazon()[pri:2, instance:com.qaa.testscripts.CS6@305fd85d]" name="amazon" duration-ms="1" started-at="2021-05-05T17:41:56 IST" finished-at="2021-05-05T17:41:56 IST">
          <reporter-output>
          </reporter-output>
        </test-method> <!-- amazon -->
        <test-method status="PASS" signature="tearDown()[pri:0, instance:com.qaa.testscripts.CS6@305fd85d]" name="tearDown" is-config="true" duration-ms="981" started-at="2021-05-05T17:41:56 IST" finished-at="2021-05-05T17:41:57 IST">
          <reporter-output>
          </reporter-output>
        </test-method> <!-- tearDown -->
      </class> <!-- com.qaa.testscripts.CS6 -->
    </test> <!-- Test -->
  </suite> <!-- Suite -->
</testng-results>
