<?xml version="1.0" encoding="UTF-8"?>
<!-- Generated by org.testng.reporters.JUnitXMLReporter -->
<testsuite hostname="DESKTOP-6NT2F51" ignored="0" name="Test" tests="8" failures="0" timestamp="2021-05-05T17:41:57 IST" time="43.012" errors="0">
  <testcase name="searchItemsInAmazon" time="4.617" classname="com.qaa.testscripts.CS6"/>
  <testcase name="searchItemsInAmazon" time="4.5" classname="com.qaa.testscripts.CS6"/>
  <testcase name="searchItemsInAmazon" time="4.921" classname="com.qaa.testscripts.CS6"/>
  <testcase name="searchItemsInAmazon" time="4.731" classname="com.qaa.testscripts.CS6"/>
  <testcase name="searchItemsInAmazon" time="5.45" classname="com.qaa.testscripts.CS6"/>
  <testcase name="searchItemsInAmazon" time="5.741" classname="com.qaa.testscripts.CS6"/>
  <testcase name="amazonend" time="3.873" classname="com.qaa.testscripts.CS6"/>
  <testcase name="amazon" time="0.001" classname="com.qaa.testscripts.CS6"/>
</testsuite> <!-- Test -->
