<?xml version="1.0" encoding="UTF-8"?>
<!-- Generated by org.testng.reporters.JUnitXMLReporter -->
<testsuite ignored="0" hostname="DESKTOP-6NT2F51" failures="0" tests="11" name="Test" time="63.434" errors="0" timestamp="2021-05-04T10:51:42 IST">
  <testcase classname="com.qaa.testscripts.CS6" name="searchItemsInAmazon" time="4.349"/>
  <testcase classname="com.qaa.testscripts.CS6" name="searchItemsInAmazon" time="4.395"/>
  <testcase classname="com.qaa.testscripts.CS6" name="searchItemsInAmazon" time="4.277"/>
  <testcase classname="com.qaa.testscripts.CS6" name="searchItemsInAmazon" time="4.516"/>
  <testcase classname="com.qaa.testscripts.CS6" name="searchItemsInAmazon" time="4.934"/>
  <testcase classname="com.qaa.testscripts.CS6" name="searchItemsInAmazon" time="4.637"/>
  <testcase classname="com.qaa.testscripts.CS6" name="searchItemsInAmazon" time="6.368"/>
  <testcase classname="com.qaa.testscripts.CS6" name="searchItemsInAmazon" time="7.307"/>
  <testcase classname="com.qaa.testscripts.CS6" name="searchItemsInAmazon" time="6.049"/>
  <testcase classname="com.qaa.testscripts.CS6" name="amazonend" time="2.872"/>
  <testcase classname="com.qaa.testscripts.CS6" name="amazon" time="0.002"/>
</testsuite> <!-- Test -->
